     1                                  
     2                                      ;A natural number a (a: dword, defined in the data segment) is given. 
     3                                      ;Read a natural number b from the keyboard and calculate: a + a/b. Display the result of this operation. 
     4                                      ;The values will be displayed in decimal format (base 10) with sign.
     5                                  
     6                                  bits 32
     7                                  global start
     8                                  extern exit, scanf, printf
     9                                  import exit msvcrt.dll
    10                                  import printf msvcrt.dll
    11                                  import scanf msvcrt.dll
    12                                  segment data use32 class=data
    13 00000000 61203D2025640D0A00          message_a db "a = %d", 13, 10, 0
    14 00000009 6769766520623A2000          message_b db "give b: ", 0
    15 00000012 61202B20612F623A20-         message db "a + a/b: %d", 0
    15 0000001B 256400             
    16 0000001E 256400                      decimal_format db "%d", 0
    17 00000021 E2FDFFFF                    value_a dd -542
    18 00000025 00000000                    value_b dd 0
    19                                  segment code use32 class=code
    20                                  start:
    21 00000000 FF35[21000000]              push dword [value_a]
    22 00000006 68[00000000]                push dword message_a
    23 0000000B FF15[00000000]              call [printf]
    24 00000011 83C408                      add esp, 4*2
    25                                  
    26 00000014 68[09000000]                push dword message_b
    27 00000019 FF15[00000000]              call [printf]
    28 0000001F 83C404                      add esp, 4
    29                                      
    30 00000022 68[25000000]                push dword value_b
    31 00000027 68[1E000000]                push dword decimal_format
    32 0000002C FF15[00000000]              call [scanf]
    33 00000032 83C408                      add esp, 4*2
    34                                      
    35 00000035 A1[21000000]                mov eax, [value_a]
    36 0000003A 99                          cdq ; convert value_a into a qword
    37 0000003B 8B1D[25000000]              mov ebx, [value_b]
    38 00000041 F7FB                        idiv ebx
    39                                      ; a/b will be now stored in EAX
    40 00000043 0305[21000000]              add eax, [value_a]
    41                                      
    42 00000049 50                          push dword eax
    43 0000004A 68[12000000]                push dword message
    44 0000004F FF15[00000000]              call [printf]
    45 00000055 83C408                      add esp, 4*2
    46 00000058 6A00                        push dword 0
    47 0000005A FF15[00000000]              call [exit]
