     1                                  
     2                                      ;ex 10
     3                                      ;Read a number in base 10 from the keyboard and display the value of that number in base 16 
     4                                      ;Example: Read: 28; display: 1C
     5                                      
     6                                      ;ex 11
     7                                      ;Read a number in base 16 from the keyboard and display the value of that number in base 10 
     8                                      ;Example: Read: 1D; display: 29
     9                                  
    10                                  bits 32
    11                                  global start
    12                                  extern exit, printf, scanf
    13                                  import exit msvcrt.dll
    14                                  import scanf msvcrt.dll
    15                                  import printf msvcrt.dll
    16                                  segment data use32 class=data
    17 00000000 256400                      decimal_format db "%d", 0
    18 00000003 257800                      hex_format db "%x", 0
    19 00000006 526561643A2000              message db "Read: ", 0
    20 0000000D 446973706C61793A20-         message_hex db "Display: %x", 13, 10, 0
    20 00000016 25780D0A00         
    21 0000001B 446973706C61793A20-         message_dec db "Display: %d", 13, 10, 0
    21 00000024 25640D0A00         
    22 00000029 00000000                    our_value dd 0
    23                                  segment code use32 class=code
    24                                  start: 
    25 00000000 68[06000000]                push dword message
    26 00000005 FF15[00000000]              call [printf]
    27 0000000B 83C404                      add esp, 4
    28                                      
    29 0000000E 68[29000000]                push dword our_value
    30 00000013 68[00000000]                push dword decimal_format
    31 00000018 FF15[00000000]              call [scanf]
    32 0000001E 83C408                      add esp, 4*2
    33                                      
    34 00000021 FF35[29000000]              push dword [our_value]
    35 00000027 68[0D000000]                push dword message_hex
    36 0000002C FF15[00000000]              call [printf]
    37 00000032 83C408                      add esp, 4*2
    38                                      
    39                                      
    40                                      ;ex 11
    41 00000035 68[06000000]                push dword message
    42 0000003A FF15[00000000]              call [printf]
    43 00000040 83C404                      add esp, 4
    44                                      
    45 00000043 68[29000000]                push dword our_value
    46 00000048 68[03000000]                push dword hex_format
    47 0000004D FF15[00000000]              call [scanf]
    48 00000053 83C408                      add esp, 4*2
    49                                      
    50 00000056 FF35[29000000]              push dword [our_value]
    51 0000005C 68[1B000000]                push dword message_dec
    52 00000061 FF15[00000000]              call [printf]
    53 00000067 83C408                      add esp, 4*2
    54                                      
    55                                      
    56 0000006A 6A00                        push dword 0
    57 0000006C FF15[00000000]              call [exit]
