     1                                  
     2                                   ; (a+b+b)+(c-d)
     3                                  
     4                                  bits 32
     5                                  global start
     6                                  extern exit 
     7                                  import exit msvcrt.dll
     8                                  segment data use32 class = data
     9 00000000 0400                        a DW 4
    10 00000002 0500                        b DW 5
    11 00000004 1400                        c DW 20
    12 00000006 0A00                        d DW 10
    13                                  segment code use32 class = code
    14                                  start:
    15 00000000 66A1[00000000]              MOV AX, word [a] ; AX = 4
    16 00000006 660305[02000000]            ADD AX, [b]      ; AX = AX + 5 = 9
    17 0000000D 660305[02000000]            ADD AX, [b]      ; AX = AX + 5 = 14
    18 00000014 668B1D[04000000]            MOV BX, [c]      ; BX = 20
    19 0000001B 662B1D[06000000]            SUB BX, [d]      ; BX = 20 - 10 = 10
    20 00000022 6601D8                      ADD AX, BX       ; AX = AX + BX = 14 + 10 = 24
    21 00000025 6A00                        push dword 0
    22 00000027 FF15[00000000]              call [exit]
    23                                      
