     1                                  
     2                                      ; Read a string of unsigned numbers in base 10 from keyboard. 
     3                                      ; Determine the maximum value of the string and write it in the file max.txt (it will be created) in 16  base.
     4                                  
     5                                  bits 32
     6                                  global  start
     7                                  extern  printf, exit, scanf, gets, fopen, fprintf
     8                                  import fprintf msvcrt.dll
     9                                  import fopen msvcrt.dll
    10                                  import gets msvcrt.dll
    11                                  import scanf msvcrt.dll
    12                                  import  printf msvcrt.dll
    13                                  import  exit msvcrt.dll
    14                                  ;extern Convert
    15                                  ;extern Biggest_number
    16                                  segment  data use32 class=data
    17 00000000 7700                        access_mode db "w", 0
    18 00000002 6D61782E74787400            file_name db "max.txt", 0
    19 0000000A FFFFFFFF                    file_descriptor dd -1
    20 0000000E 526561642061207374-     	read_message db "Read a string of unsigned numbers: ", 0
    20 00000017 72696E67206F662075-
    20 00000020 6E7369676E6564206E-
    20 00000029 756D626572733A2000 
    21 00000032 257300                      format_string db  "%s", 0
    22 00000035 257800                      format_hex db "%x", 0
    23 00000038 0000<rept>                  our_string times 50 dw 0
    24 0000009C 00000000                    max_value dd 0
    25                                      
    26                                  segment  code use32 class=code
    27                                  start:
    28                                  
    29 00000000 68[00000000]                push dword access_mode
    30 00000005 68[02000000]                push dword file_name
    31 0000000A FF15[00000000]              call [fopen]
    32 00000010 83C408                      add ESP, 4*2
    33                                      
    34 00000013 A3[0A000000]                mov [file_descriptor], eax
    35                                  
    36 00000018 68[0E000000]                push dword read_message
    37 0000001D FF15[00000000]              call [printf]
    38 00000023 83C404                      add esp, 4
    39                                      
    40 00000026 68[38000000]                push dword our_string
    41 0000002B FF15[00000000]              call [gets]
    42 00000031 83C404                      add esp, 4
    43                                      ; EAX <- the offset of the string
    44                                      
    45 00000034 BA[38000000]                mov edx, our_string
    46                                      each_number:
    47 00000039 BB00000000                      mov ebx, 0
    48 0000003E 8A1A                            mov bl, byte [edx]
    49 00000040 80FB00                          cmp bl, 0
    50 00000043 7410                            je done
    51 00000045 52                              push edx
    52                                          ;call Convert
    53 00000046 3B05[9C000000]                  cmp eax, dword [max_value]
    54 0000004C 76EB                            jbe each_number
    55 0000004E A3[9C000000]                    mov dword [max_value], eax
    56 00000053 EBE4                            jmp each_number
    57                                      
    58                                      done:
    59                                      
    60 00000055 8B15[9C000000]              mov edx, dword [max_value]
    61 0000005B 52                          push dword edx
    62 0000005C 68[35000000]                push dword format_hex
    63 00000061 FF35[0A000000]              push dword [file_descriptor]
    64 00000067 FF15[00000000]              call [fprintf]
    65 0000006D 83C40C                      add esp, 4*3
    66                                      
    67 00000070 6A00                        push dword 0
    68 00000072 FF15[00000000]              call [exit]
    69                                      
    70                                      
    71                                      
    72                                      
    73                                      
    74                                      
    75                                      
    76                                      
    77                                      
    78                                     
